# JRE version: OpenJDK Runtime Environment Microsoft-13877171 (21.0.11+10) (build 21.0.11+10-LTS)
# Java VM: OpenJDK 64-Bit Server VM Microsoft-13877171 (21.0.11+10-LTS, mixed mode, sharing, tiered, compressed oops, compressed class ptrs, g1 gc, windows-amd64)
GC Precious Log:
 CardTable entry size: 512
 Card Set container configuration: InlinePtr #cards 5 size 8 Array Of Cards #cards 12 size 40 Howl #buckets 4 coarsen threshold 1843 Howl Bitmap #cards 512 size 80 coarsen threshold 460 Card regions per heap region 1 cards per card region 2048
 CPUs: 16 total, 16 available
 Memory: 6942M
 Large Page Support: Disabled
 NUMA Support: Disabled
 Compressed Oops: Enabled (32-bit)
 Heap Region Size: 1M
 Heap Min Capacity: 8M
 Heap Initial Capacity: 110M
 Heap Max Capacity: 1736M
 Pre-touch: Disabled
 Parallel Workers: 13
 Concurrent Workers: 3
 Concurrent Refinement Workers: 13
 Periodic GC: Disabled
Heap:
 garbage-first heap   total 110592K, used 60694K [0x0000000093800000, 0x0000000100000000)
  region size 1024K, 8 young (8192K), 2 survivors (2048K)
 Metaspace       used 120687K, committed 121664K, reserved 1179648K
  class space    used 16090K, committed 16640K, reserved 1048576K
GC Heap History (20 events):
Event: 2244.676 GC heap before
{Heap before GC invocations=39 (full 0):
 garbage-first heap   total 109568K, used 102851K [0x0000000093800000, 0x0000000100000000)
  region size 1024K, 40 young (40960K), 3 survivors (3072K)
 Metaspace       used 118105K, committed 119104K, reserved 1179648K
  class space    used 16176K, committed 16640K, reserved 1048576K
}
Event: 2244.861 GC heap after
{Heap after GC invocations=40 (full 0):
 garbage-first heap   total 109568K, used 64555K [0x0000000093800000, 0x0000000100000000)
  region size 1024K, 2 young (2048K), 2 survivors (2048K)
 Metaspace       used 118105K, committed 119104K, reserved 1179648K
  class space    used 16176K, committed 16640K, reserved 1048576K
}
Event: 2878.380 GC heap before
{Heap before GC invocations=40 (full 0):
 garbage-first heap   total 109568K, used 102443K [0x0000000093800000, 0x0000000100000000)
  region size 1024K, 39 young (39936K), 2 survivors (2048K)
 Metaspace       used 118369K, committed 119360K, reserved 1179648K
  class space    used 16176K, committed 16640K, reserved 1048576K
}
Event: 2878.447 GC heap after
{Heap after GC invocations=41 (full 0):
 garbage-first heap   total 109568K, used 64621K [0x0000000093800000, 0x0000000100000000)
  region size 1024K, 2 young (2048K), 2 survivors (2048K)
 Metaspace       used 118369K, committed 119360K, reserved 1179648K
  class space    used 16176K, committed 16640K, reserved 1048576K
}
Event: 3471.873 GC heap before
{Heap before GC invocations=42 (full 0):
 garbage-first heap   total 109568K, used 102509K [0x0000000093800000, 0x0000000100000000)
  region size 1024K, 39 young (39936K), 2 survivors (2048K)
 Metaspace       used 117943K, committed 119488K, reserved 1179648K
  class space    used 16025K, committed 16640K, reserved 1048576K
}
Event: 3471.984 GC heap after
{Heap after GC invocations=43 (full 0):
 garbage-first heap   total 109568K, used 65066K [0x0000000093800000, 0x0000000100000000)
  region size 1024K, 2 young (2048K), 2 survivors (2048K)
 Metaspace       used 117943K, committed 119488K, reserved 1179648K
  class space    used 16025K, committed 16640K, reserved 1048576K
}
Event: 4333.648 GC heap before
{Heap before GC invocations=43 (full 0):
 garbage-first heap   total 109568K, used 102954K [0x0000000093800000, 0x0000000100000000)
  region size 1024K, 39 young (39936K), 2 survivors (2048K)
 Metaspace       used 118246K, committed 119552K, reserved 1179648K
  class space    used 16044K, committed 16640K, reserved 1048576K
}
Event: 4333.764 GC heap after
{Heap after GC invocations=44 (full 0):
 garbage-first heap   total 109568K, used 60685K [0x0000000093800000, 0x0000000100000000)
  region size 1024K, 2 young (2048K), 2 survivors (2048K)
 Metaspace       used 118246K, committed 119552K, reserved 1179648K
  class space    used 16044K, committed 16640K, reserved 1048576K
}
Event: 4978.764 GC heap before
{Heap before GC invocations=44 (full 0):
 garbage-first heap   total 109568K, used 102669K [0x0000000093800000, 0x0000000100000000)
  region size 1024K, 43 young (44032K), 2 survivors (2048K)
 Metaspace       used 118496K, committed 119680K, reserved 1179648K
  class space    used 16047K, committed 16640K, reserved 1048576K
}
Event: 4978.889 GC heap after
{Heap after GC invocations=45 (full 0):
 garbage-first heap   total 109568K, used 59306K [0x0000000093800000, 0x0000000100000000)
  region size 1024K, 2 young (2048K), 2 survivors (2048K)
 Metaspace       used 118496K, committed 119680K, reserved 1179648K
  class space    used 16047K, committed 16640K, reserved 1048576K
}
Event: 5479.740 GC heap before
{Heap before GC invocations=45 (full 0):
 garbage-first heap   total 109568K, used 101290K [0x0000000093800000, 0x0000000100000000)
  region size 1024K, 44 young (45056K), 2 survivors (2048K)
 Metaspace       used 119369K, committed 120320K, reserved 1179648K
  class space    used 16075K, committed 16640K, reserved 1048576K
}
Event: 5479.871 GC heap after
{Heap after GC invocations=46 (full 0):
 garbage-first heap   total 109568K, used 58177K [0x0000000093800000, 0x0000000100000000)
  region size 1024K, 2 young (2048K), 2 survivors (2048K)
 Metaspace       used 119369K, committed 120320K, reserved 1179648K
  class space    used 16075K, committed 16640K, reserved 1048576K
}
Event: 6327.718 GC heap before
{Heap before GC invocations=46 (full 0):
 garbage-first heap   total 109568K, used 103233K [0x0000000093800000, 0x0000000100000000)
  region size 1024K, 46 young (47104K), 2 survivors (2048K)
 Metaspace       used 119694K, committed 120704K, reserved 1179648K
  class space    used 16081K, committed 16640K, reserved 1048576K
}
Event: 6327.854 GC heap after
{Heap after GC invocations=47 (full 0):
 garbage-first heap   total 110592K, used 57307K [0x0000000093800000, 0x0000000100000000)
  region size 1024K, 3 young (3072K), 3 survivors (3072K)
 Metaspace       used 119694K, committed 120704K, reserved 1179648K
  class space    used 16081K, committed 16640K, reserved 1048576K
}
Event: 6972.627 GC heap before
{Heap before GC invocations=47 (full 0):
 garbage-first heap   total 110592K, used 102363K [0x0000000093800000, 0x0000000100000000)
  region size 1024K, 48 young (49152K), 3 survivors (3072K)
 Metaspace       used 120207K, committed 121152K, reserved 1179648K
  class space    used 16087K, committed 16640K, reserved 1048576K
}
Event: 6972.753 GC heap after
{Heap after GC invocations=48 (full 0):
 garbage-first heap   total 110592K, used 57530K [0x0000000093800000, 0x0000000100000000)
  region size 1024K, 3 young (3072K), 3 survivors (3072K)
 Metaspace       used 120207K, committed 121152K, reserved 1179648K
  class space    used 16087K, committed 16640K, reserved 1048576K
}
Event: 8529.179 GC heap before
{Heap before GC invocations=49 (full 0):
 garbage-first heap   total 110592K, used 102586K [0x0000000093800000, 0x0000000100000000)
  region size 1024K, 48 young (49152K), 3 survivors (3072K)
 Metaspace       used 120334K, committed 121280K, reserved 1179648K
  class space    used 16089K, committed 16640K, reserved 1048576K
}
Event: 8529.278 GC heap after
{Heap after GC invocations=50 (full 0):
 garbage-first heap   total 110592K, used 57156K [0x0000000093800000, 0x0000000100000000)
  region size 1024K, 3 young (3072K), 3 survivors (3072K)
 Metaspace       used 120334K, committed 121280K, reserved 1179648K
  class space    used 16089K, committed 16640K, reserved 1048576K
}
Event: 9278.359 GC heap before
{Heap before GC invocations=50 (full 0):
 garbage-first heap   total 110592K, used 102212K [0x0000000093800000, 0x0000000100000000)
  region size 1024K, 48 young (49152K), 3 survivors (3072K)
 Metaspace       used 120631K, committed 121600K, reserved 1179648K
  class space    used 16090K, committed 16640K, reserved 1048576K
}
Event: 9278.532 GC heap after
{Heap after GC invocations=51 (full 0):
 garbage-first heap   total 110592K, used 55574K [0x0000000093800000, 0x0000000100000000)
  region size 1024K, 2 young (2048K), 2 survivors (2048K)
 Metaspace       used 120631K, committed 121600K, reserved 1179648K
  class space    used 16090K, committed 16640K, reserved 1048576K
}

