# JRE version: OpenJDK Runtime Environment Temurin-21.0.10+7 (21.0.10+7) (build 21.0.10+7-LTS)
# Java VM: OpenJDK 64-Bit Server VM Temurin-21.0.10+7 (21.0.10+7-LTS, mixed mode, sharing, tiered, compressed oops, compressed class ptrs, parallel gc, windows-amd64)
GC Precious Log:
 CardTable entry size: 512
 CPUs: 16 total, 16 available
 Memory: 6942M
 Large Page Support: Disabled
 NUMA Support: Disabled
 Compressed Oops: Enabled (32-bit)
 Alignments: Space 512K, Generation 512K, Heap 2M
 Heap Min Capacity: 100M
 Heap Initial Capacity: 100M
 Heap Max Capacity: 2G
 Pre-touch: Disabled
 Parallel Workers: 13
Heap:
 PSYoungGen      total 4608K, used 2170K [0x00000000d5580000, 0x00000000d5b80000, 0x0000000100000000)
  eden space 3584K, 45% used [0x00000000d5580000,0x00000000d571aed0,0x00000000d5900000)
  from space 1024K, 51% used [0x00000000d5a80000,0x00000000d5b03ba0,0x00000000d5b80000)
  to   space 1024K, 0% used [0x00000000d5980000,0x00000000d5980000,0x00000000d5a80000)
 ParOldGen       total 768512K, used 768465K [0x0000000080000000, 0x00000000aee80000, 0x00000000d5580000)
  object space 768512K, 99% used [0x0000000080000000,0x00000000aee74488,0x00000000aee80000)
 Metaspace       used 85059K, committed 86720K, reserved 1179648K
  class space    used 8382K, committed 9216K, reserved 1048576K
GC Heap History (20 events):
Event: 6480.717 GC heap before
{Heap before GC invocations=2210 (full 8):
 PSYoungGen      total 2560K, used 2528K [0x00000000d5580000, 0x00000000d5900000, 0x0000000100000000)
  eden space 2048K, 100% used [0x00000000d5580000,0x00000000d5780000,0x00000000d5780000)
  from space 512K, 93% used [0x00000000d5880000,0x00000000d58f8000,0x00000000d5900000)
  to   space 512K, 0% used [0x00000000d5800000,0x00000000d5800000,0x00000000d5880000)
 ParOldGen       total 765952K, used 765768K [0x0000000080000000, 0x00000000aec00000, 0x00000000d5580000)
  object space 765952K, 99% used [0x0000000080000000,0x00000000aebd2300,0x00000000aec00000)
 Metaspace       used 85039K, committed 86656K, reserved 1179648K
  class space    used 8382K, committed 9216K, reserved 1048576K
}
Event: 6480.719 GC heap after
{Heap after GC invocations=2210 (full 8):
 PSYoungGen      total 2560K, used 505K [0x00000000d5580000, 0x00000000d5980000, 0x0000000100000000)
  eden space 2048K, 0% used [0x00000000d5580000,0x00000000d5580000,0x00000000d5780000)
  from space 512K, 98% used [0x00000000d5800000,0x00000000d587e490,0x00000000d5880000)
  to   space 1024K, 0% used [0x00000000d5880000,0x00000000d5880000,0x00000000d5980000)
 ParOldGen       total 766464K, used 766096K [0x0000000080000000, 0x00000000aec80000, 0x00000000d5580000)
  object space 766464K, 99% used [0x0000000080000000,0x00000000aec241c0,0x00000000aec80000)
 Metaspace       used 85039K, committed 86656K, reserved 1179648K
  class space    used 8382K, committed 9216K, reserved 1048576K
}
Event: 6480.724 GC heap before
{Heap before GC invocations=2211 (full 8):
 PSYoungGen      total 2560K, used 2553K [0x00000000d5580000, 0x00000000d5980000, 0x0000000100000000)
  eden space 2048K, 100% used [0x00000000d5580000,0x00000000d5780000,0x00000000d5780000)
  from space 512K, 98% used [0x00000000d5800000,0x00000000d587e490,0x00000000d5880000)
  to   space 1024K, 0% used [0x00000000d5880000,0x00000000d5880000,0x00000000d5980000)
 ParOldGen       total 766464K, used 766096K [0x0000000080000000, 0x00000000aec80000, 0x00000000d5580000)
  object space 766464K, 99% used [0x0000000080000000,0x00000000aec241c0,0x00000000aec80000)
 Metaspace       used 85039K, committed 86656K, reserved 1179648K
  class space    used 8382K, committed 9216K, reserved 1048576K
}
Event: 6480.726 GC heap after
{Heap after GC invocations=2211 (full 8):
 PSYoungGen      total 3072K, used 512K [0x00000000d5580000, 0x00000000d5980000, 0x0000000100000000)
  eden space 2048K, 0% used [0x00000000d5580000,0x00000000d5580000,0x00000000d5780000)
  from space 1024K, 50% used [0x00000000d5880000,0x00000000d5900000,0x00000000d5980000)
  to   space 1024K, 0% used [0x00000000d5780000,0x00000000d5780000,0x00000000d5880000)
 ParOldGen       total 766976K, used 766477K [0x0000000080000000, 0x00000000aed00000, 0x00000000d5580000)
  object space 766976K, 99% used [0x0000000080000000,0x00000000aec83418,0x00000000aed00000)
 Metaspace       used 85039K, committed 86656K, reserved 1179648K
  class space    used 8382K, committed 9216K, reserved 1048576K
}
Event: 6480.731 GC heap before
{Heap before GC invocations=2212 (full 8):
 PSYoungGen      total 3072K, used 2560K [0x00000000d5580000, 0x00000000d5980000, 0x0000000100000000)
  eden space 2048K, 100% used [0x00000000d5580000,0x00000000d5780000,0x00000000d5780000)
  from space 1024K, 50% used [0x00000000d5880000,0x00000000d5900000,0x00000000d5980000)
  to   space 1024K, 0% used [0x00000000d5780000,0x00000000d5780000,0x00000000d5880000)
 ParOldGen       total 766976K, used 766477K [0x0000000080000000, 0x00000000aed00000, 0x00000000d5580000)
  object space 766976K, 99% used [0x0000000080000000,0x00000000aec83418,0x00000000aed00000)
 Metaspace       used 85041K, committed 86656K, reserved 1179648K
  class space    used 8382K, committed 9216K, reserved 1048576K
}
Event: 6480.733 GC heap after
{Heap after GC invocations=2212 (full 8):
 PSYoungGen      total 3072K, used 384K [0x00000000d5580000, 0x00000000d5900000, 0x0000000100000000)
  eden space 2048K, 0% used [0x00000000d5580000,0x00000000d5580000,0x00000000d5780000)
  from space 1024K, 37% used [0x00000000d5780000,0x00000000d57e0000,0x00000000d5880000)
  to   space 512K, 0% used [0x00000000d5880000,0x00000000d5880000,0x00000000d5900000)
 ParOldGen       total 766976K, used 766813K [0x0000000080000000, 0x00000000aed00000, 0x00000000d5580000)
  object space 766976K, 99% used [0x0000000080000000,0x00000000aecd7438,0x00000000aed00000)
 Metaspace       used 85041K, committed 86656K, reserved 1179648K
  class space    used 8382K, committed 9216K, reserved 1048576K
}
Event: 6480.752 GC heap before
{Heap before GC invocations=2213 (full 8):
 PSYoungGen      total 3072K, used 2432K [0x00000000d5580000, 0x00000000d5900000, 0x0000000100000000)
  eden space 2048K, 100% used [0x00000000d5580000,0x00000000d5780000,0x00000000d5780000)
  from space 1024K, 37% used [0x00000000d5780000,0x00000000d57e0000,0x00000000d5880000)
  to   space 512K, 0% used [0x00000000d5880000,0x00000000d5880000,0x00000000d5900000)
 ParOldGen       total 766976K, used 766813K [0x0000000080000000, 0x00000000aed00000, 0x00000000d5580000)
  object space 766976K, 99% used [0x0000000080000000,0x00000000aecd7438,0x00000000aed00000)
 Metaspace       used 85041K, committed 86656K, reserved 1179648K
  class space    used 8382K, committed 9216K, reserved 1048576K
}
Event: 6480.754 GC heap after
{Heap after GC invocations=2213 (full 8):
 PSYoungGen      total 2560K, used 352K [0x00000000d5580000, 0x00000000d5900000, 0x0000000100000000)
  eden space 2048K, 0% used [0x00000000d5580000,0x00000000d5580000,0x00000000d5780000)
  from space 512K, 68% used [0x00000000d5880000,0x00000000d58d8000,0x00000000d5900000)
  to   space 512K, 0% used [0x00000000d5800000,0x00000000d5800000,0x00000000d5880000)
 ParOldGen       total 767488K, used 766985K [0x0000000080000000, 0x00000000aed80000, 0x00000000d5580000)
  object space 767488K, 99% used [0x0000000080000000,0x00000000aed02448,0x00000000aed80000)
 Metaspace       used 85041K, committed 86656K, reserved 1179648K
  class space    used 8382K, committed 9216K, reserved 1048576K
}
Event: 6480.758 GC heap before
{Heap before GC invocations=2214 (full 8):
 PSYoungGen      total 2560K, used 2400K [0x00000000d5580000, 0x00000000d5900000, 0x0000000100000000)
  eden space 2048K, 100% used [0x00000000d5580000,0x00000000d5780000,0x00000000d5780000)
  from space 512K, 68% used [0x00000000d5880000,0x00000000d58d8000,0x00000000d5900000)
  to   space 512K, 0% used [0x00000000d5800000,0x00000000d5800000,0x00000000d5880000)
 ParOldGen       total 767488K, used 766985K [0x0000000080000000, 0x00000000aed80000, 0x00000000d5580000)
  object space 767488K, 99% used [0x0000000080000000,0x00000000aed02448,0x00000000aed80000)
 Metaspace       used 85041K, committed 86656K, reserved 1179648K
  class space    used 8382K, committed 9216K, reserved 1048576K
}
Event: 6480.765 GC heap after
{Heap after GC invocations=2214 (full 8):
 PSYoungGen      total 3072K, used 384K [0x00000000d5580000, 0x00000000d5900000, 0x0000000100000000)
  eden space 2560K, 0% used [0x00000000d5580000,0x00000000d5580000,0x00000000d5800000)
  from space 512K, 75% used [0x00000000d5800000,0x00000000d5860000,0x00000000d5880000)
  to   space 512K, 0% used [0x00000000d5880000,0x00000000d5880000,0x00000000d5900000)
 ParOldGen       total 767488K, used 767153K [0x0000000080000000, 0x00000000aed80000, 0x00000000d5580000)
  object space 767488K, 99% used [0x0000000080000000,0x00000000aed2c468,0x00000000aed80000)
 Metaspace       used 85041K, committed 86656K, reserved 1179648K
  class space    used 8382K, committed 9216K, reserved 1048576K
}
Event: 6480.800 GC heap before
{Heap before GC invocations=2215 (full 8):
 PSYoungGen      total 3072K, used 2944K [0x00000000d5580000, 0x00000000d5900000, 0x0000000100000000)
  eden space 2560K, 100% used [0x00000000d5580000,0x00000000d5800000,0x00000000d5800000)
  from space 512K, 75% used [0x00000000d5800000,0x00000000d5860000,0x00000000d5880000)
  to   space 512K, 0% used [0x00000000d5880000,0x00000000d5880000,0x00000000d5900000)
 ParOldGen       total 767488K, used 767153K [0x0000000080000000, 0x00000000aed80000, 0x00000000d5580000)
  object space 767488K, 99% used [0x0000000080000000,0x00000000aed2c468,0x00000000aed80000)
 Metaspace       used 85041K, committed 86656K, reserved 1179648K
  class space    used 8382K, committed 9216K, reserved 1048576K
}
Event: 6480.803 GC heap after
{Heap after GC invocations=2215 (full 8):
 PSYoungGen      total 3072K, used 384K [0x00000000d5580000, 0x00000000d5980000, 0x0000000100000000)
  eden space 2560K, 0% used [0x00000000d5580000,0x00000000d5580000,0x00000000d5800000)
  from space 512K, 75% used [0x00000000d5880000,0x00000000d58e0000,0x00000000d5900000)
  to   space 512K, 0% used [0x00000000d5800000,0x00000000d5800000,0x00000000d5880000)
 ParOldGen       total 767488K, used 767353K [0x0000000080000000, 0x00000000aed80000, 0x00000000d5580000)
  object space 767488K, 99% used [0x0000000080000000,0x00000000aed5e488,0x00000000aed80000)
 Metaspace       used 85041K, committed 86656K, reserved 1179648K
  class space    used 8382K, committed 9216K, reserved 1048576K
}
Event: 6480.849 GC heap before
{Heap before GC invocations=2216 (full 8):
 PSYoungGen      total 3072K, used 2944K [0x00000000d5580000, 0x00000000d5980000, 0x0000000100000000)
  eden space 2560K, 100% used [0x00000000d5580000,0x00000000d5800000,0x00000000d5800000)
  from space 512K, 75% used [0x00000000d5880000,0x00000000d58e0000,0x00000000d5900000)
  to   space 512K, 0% used [0x00000000d5800000,0x00000000d5800000,0x00000000d5880000)
 ParOldGen       total 767488K, used 767353K [0x0000000080000000, 0x00000000aed80000, 0x00000000d5580000)
  object space 767488K, 99% used [0x0000000080000000,0x00000000aed5e488,0x00000000aed80000)
 Metaspace       used 85041K, committed 86656K, reserved 1179648K
  class space    used 8382K, committed 9216K, reserved 1048576K
}
Event: 6480.852 GC heap after
{Heap after GC invocations=2216 (full 8):
 PSYoungGen      total 3072K, used 512K [0x00000000d5580000, 0x00000000d5a80000, 0x0000000100000000)
  eden space 2560K, 0% used [0x00000000d5580000,0x00000000d5580000,0x00000000d5800000)
  from space 512K, 100% used [0x00000000d5800000,0x00000000d5880000,0x00000000d5880000)
  to   space 1024K, 0% used [0x00000000d5980000,0x00000000d5980000,0x00000000d5a80000)
 ParOldGen       total 768000K, used 767625K [0x0000000080000000, 0x00000000aee00000, 0x00000000d5580000)
  object space 768000K, 99% used [0x0000000080000000,0x00000000aeda2488,0x00000000aee00000)
 Metaspace       used 85041K, committed 86656K, reserved 1179648K
  class space    used 8382K, committed 9216K, reserved 1048576K
}
Event: 6480.857 GC heap before
{Heap before GC invocations=2217 (full 8):
 PSYoungGen      total 3072K, used 3072K [0x00000000d5580000, 0x00000000d5a80000, 0x0000000100000000)
  eden space 2560K, 100% used [0x00000000d5580000,0x00000000d5800000,0x00000000d5800000)
  from space 512K, 100% used [0x00000000d5800000,0x00000000d5880000,0x00000000d5880000)
  to   space 1024K, 0% used [0x00000000d5980000,0x00000000d5980000,0x00000000d5a80000)
 ParOldGen       total 768000K, used 767625K [0x0000000080000000, 0x00000000aee00000, 0x00000000d5580000)
  object space 768000K, 99% used [0x0000000080000000,0x00000000aeda2488,0x00000000aee00000)
 Metaspace       used 85042K, committed 86656K, reserved 1179648K
  class space    used 8382K, committed 9216K, reserved 1048576K
}
Event: 6480.859 GC heap after
{Heap after GC invocations=2217 (full 8):
 PSYoungGen      total 3584K, used 352K [0x00000000d5580000, 0x00000000d5a00000, 0x0000000100000000)
  eden space 3072K, 0% used [0x00000000d5580000,0x00000000d5580000,0x00000000d5880000)
  from space 512K, 68% used [0x00000000d5980000,0x00000000d59d8000,0x00000000d5a00000)
  to   space 512K, 0% used [0x00000000d5900000,0x00000000d5900000,0x00000000d5980000)
 ParOldGen       total 768512K, used 768065K [0x0000000080000000, 0x00000000aee80000, 0x00000000d5580000)
  object space 768512K, 99% used [0x0000000080000000,0x00000000aee10488,0x00000000aee80000)
 Metaspace       used 85042K, committed 86656K, reserved 1179648K
  class space    used 8382K, committed 9216K, reserved 1048576K
}
Event: 6480.868 GC heap before
{Heap before GC invocations=2218 (full 8):
 PSYoungGen      total 3584K, used 3424K [0x00000000d5580000, 0x00000000d5a00000, 0x0000000100000000)
  eden space 3072K, 100% used [0x00000000d5580000,0x00000000d5880000,0x00000000d5880000)
  from space 512K, 68% used [0x00000000d5980000,0x00000000d59d8000,0x00000000d5a00000)
  to   space 512K, 0% used [0x00000000d5900000,0x00000000d5900000,0x00000000d5980000)
 ParOldGen       total 768512K, used 768065K [0x0000000080000000, 0x00000000aee80000, 0x00000000d5580000)
  object space 768512K, 99% used [0x0000000080000000,0x00000000aee10488,0x00000000aee80000)
 Metaspace       used 85042K, committed 86656K, reserved 1179648K
  class space    used 8382K, committed 9216K, reserved 1048576K
}
Event: 6480.870 GC heap after
{Heap after GC invocations=2218 (full 8):
 PSYoungGen      total 4096K, used 512K [0x00000000d5580000, 0x00000000d5b80000, 0x0000000100000000)
  eden space 3584K, 0% used [0x00000000d5580000,0x00000000d5580000,0x00000000d5900000)
  from space 512K, 100% used [0x00000000d5900000,0x00000000d5980000,0x00000000d5980000)
  to   space 1024K, 0% used [0x00000000d5a80000,0x00000000d5a80000,0x00000000d5b80000)
 ParOldGen       total 768512K, used 768249K [0x0000000080000000, 0x00000000aee80000, 0x00000000d5580000)
  object space 768512K, 99% used [0x0000000080000000,0x00000000aee3e488,0x00000000aee80000)
 Metaspace       used 85042K, committed 86656K, reserved 1179648K
  class space    used 8382K, committed 9216K, reserved 1048576K
}
Event: 6770.584 GC heap before
{Heap before GC invocations=2219 (full 8):
 PSYoungGen      total 4096K, used 4096K [0x00000000d5580000, 0x00000000d5b80000, 0x0000000100000000)
  eden space 3584K, 100% used [0x00000000d5580000,0x00000000d5900000,0x00000000d5900000)
  from space 512K, 100% used [0x00000000d5900000,0x00000000d5980000,0x00000000d5980000)
  to   space 1024K, 0% used [0x00000000d5a80000,0x00000000d5a80000,0x00000000d5b80000)
 ParOldGen       total 768512K, used 768249K [0x0000000080000000, 0x00000000aee80000, 0x00000000d5580000)
  object space 768512K, 99% used [0x0000000080000000,0x00000000aee3e488,0x00000000aee80000)
 Metaspace       used 85049K, committed 86720K, reserved 1179648K
  class space    used 8382K, committed 9216K, reserved 1048576K
}
Event: 6770.693 GC heap after
{Heap after GC invocations=2219 (full 8):
 PSYoungGen      total 4608K, used 526K [0x00000000d5580000, 0x00000000d5b80000, 0x0000000100000000)
  eden space 3584K, 0% used [0x00000000d5580000,0x00000000d5580000,0x00000000d5900000)
  from space 1024K, 51% used [0x00000000d5a80000,0x00000000d5b03ba0,0x00000000d5b80000)
  to   space 1024K, 0% used [0x00000000d5980000,0x00000000d5980000,0x00000000d5a80000)
 ParOldGen       total 768512K, used 768465K [0x0000000080000000, 0x00000000aee80000, 0x00000000d5580000)
  object space 768512K, 99% used [0x0000000080000000,0x00000000aee74488,0x00000000aee80000)
 Metaspace       used 85049K, committed 86720K, reserved 1179648K
  class space    used 8382K, committed 9216K, reserved 1048576K
}

