# JRE version: OpenJDK Runtime Environment Microsoft-13877171 (21.0.11+10) (build 21.0.11+10-LTS)
# Java VM: OpenJDK 64-Bit Server VM Microsoft-13877171 (21.0.11+10-LTS, mixed mode, sharing, tiered, compressed oops, compressed class ptrs, g1 gc, windows-amd64)
GC Precious Log:
 CardTable entry size: 512
 Card Set container configuration: InlinePtr #cards 5 size 8 Array Of Cards #cards 12 size 40 Howl #buckets 4 coarsen threshold 1843 Howl Bitmap #cards 512 size 80 coarsen threshold 460 Card regions per heap region 1 cards per card region 2048
 CPUs: 16 total, 16 available
 Memory: 6942M
 Large Page Support: Disabled
 NUMA Support: Disabled
 Compressed Oops: Enabled (32-bit)
 Heap Region Size: 1M
 Heap Min Capacity: 8M
 Heap Initial Capacity: 110M
 Heap Max Capacity: 1736M
 Pre-touch: Disabled
 Parallel Workers: 13
 Concurrent Workers: 3
 Concurrent Refinement Workers: 13
 Periodic GC: Disabled
Heap:
 garbage-first heap   total 107520K, used 66832K [0x0000000093800000, 0x0000000100000000)
  region size 1024K, 14 young (14336K), 2 survivors (2048K)
 Metaspace       used 118264K, committed 119424K, reserved 1179648K
  class space    used 15939K, committed 16512K, reserved 1048576K
GC Heap History (20 events):
Event: 1632.910 GC heap before
{Heap before GC invocations=38 (full 0):
 garbage-first heap   total 106496K, used 97890K [0x0000000093800000, 0x0000000100000000)
  region size 1024K, 40 young (40960K), 3 survivors (3072K)
 Metaspace       used 118018K, committed 118976K, reserved 1179648K
  class space    used 16080K, committed 16512K, reserved 1048576K
}
Event: 1633.065 GC heap after
{Heap after GC invocations=39 (full 0):
 garbage-first heap   total 106496K, used 61297K [0x0000000093800000, 0x0000000100000000)
  region size 1024K, 3 young (3072K), 3 survivors (3072K)
 Metaspace       used 118018K, committed 118976K, reserved 1179648K
  class space    used 16080K, committed 16512K, reserved 1048576K
}
Event: 1813.431 GC heap before
{Heap before GC invocations=40 (full 0):
 garbage-first heap   total 106496K, used 98161K [0x0000000093800000, 0x0000000100000000)
  region size 1024K, 40 young (40960K), 3 survivors (3072K)
 Metaspace       used 118115K, committed 119104K, reserved 1179648K
  class space    used 16080K, committed 16512K, reserved 1048576K
}
Event: 1813.513 GC heap after
{Heap after GC invocations=41 (full 0):
 garbage-first heap   total 106496K, used 61796K [0x0000000093800000, 0x0000000100000000)
  region size 1024K, 2 young (2048K), 2 survivors (2048K)
 Metaspace       used 118115K, committed 119104K, reserved 1179648K
  class space    used 16080K, committed 16512K, reserved 1048576K
}
Event: 1996.348 GC heap before
{Heap before GC invocations=41 (full 0):
 garbage-first heap   total 106496K, used 98660K [0x0000000093800000, 0x0000000100000000)
  region size 1024K, 39 young (39936K), 2 survivors (2048K)
 Metaspace       used 118245K, committed 119232K, reserved 1179648K
  class space    used 16080K, committed 16512K, reserved 1048576K
}
Event: 1996.483 GC heap after
{Heap after GC invocations=42 (full 0):
 garbage-first heap   total 106496K, used 61579K [0x0000000093800000, 0x0000000100000000)
  region size 1024K, 2 young (2048K), 2 survivors (2048K)
 Metaspace       used 118245K, committed 119232K, reserved 1179648K
  class space    used 16080K, committed 16512K, reserved 1048576K
}
Event: 2150.211 GC heap before
{Heap before GC invocations=42 (full 0):
 garbage-first heap   total 106496K, used 98443K [0x0000000093800000, 0x0000000100000000)
  region size 1024K, 39 young (39936K), 2 survivors (2048K)
 Metaspace       used 118295K, committed 119232K, reserved 1179648K
  class space    used 16080K, committed 16512K, reserved 1048576K
}
Event: 2150.311 GC heap after
{Heap after GC invocations=43 (full 0):
 garbage-first heap   total 106496K, used 61654K [0x0000000093800000, 0x0000000100000000)
  region size 1024K, 2 young (2048K), 2 survivors (2048K)
 Metaspace       used 118295K, committed 119232K, reserved 1179648K
  class space    used 16080K, committed 16512K, reserved 1048576K
}
Event: 2301.270 GC heap before
{Heap before GC invocations=44 (full 0):
 garbage-first heap   total 106496K, used 98518K [0x0000000093800000, 0x0000000100000000)
  region size 1024K, 39 young (39936K), 2 survivors (2048K)
 Metaspace       used 117791K, committed 119232K, reserved 1179648K
  class space    used 15938K, committed 16512K, reserved 1048576K
}
Event: 2301.339 GC heap after
{Heap after GC invocations=45 (full 0):
 garbage-first heap   total 106496K, used 61611K [0x0000000093800000, 0x0000000100000000)
  region size 1024K, 2 young (2048K), 2 survivors (2048K)
 Metaspace       used 117791K, committed 119232K, reserved 1179648K
  class space    used 15938K, committed 16512K, reserved 1048576K
}
Event: 2452.937 GC heap before
{Heap before GC invocations=45 (full 0):
 garbage-first heap   total 106496K, used 98475K [0x0000000093800000, 0x0000000100000000)
  region size 1024K, 39 young (39936K), 2 survivors (2048K)
 Metaspace       used 117820K, committed 119296K, reserved 1179648K
  class space    used 15938K, committed 16512K, reserved 1048576K
}
Event: 2453.046 GC heap after
{Heap after GC invocations=46 (full 0):
 garbage-first heap   total 106496K, used 57568K [0x0000000093800000, 0x0000000100000000)
  region size 1024K, 2 young (2048K), 2 survivors (2048K)
 Metaspace       used 117820K, committed 119296K, reserved 1179648K
  class space    used 15938K, committed 16512K, reserved 1048576K
}
Event: 2634.745 GC heap before
{Heap before GC invocations=46 (full 0):
 garbage-first heap   total 106496K, used 98528K [0x0000000093800000, 0x0000000100000000)
  region size 1024K, 43 young (44032K), 2 survivors (2048K)
 Metaspace       used 117927K, committed 119296K, reserved 1179648K
  class space    used 15938K, committed 16512K, reserved 1048576K
}
Event: 2634.822 GC heap after
{Heap after GC invocations=47 (full 0):
 garbage-first heap   total 107520K, used 56008K [0x0000000093800000, 0x0000000100000000)
  region size 1024K, 2 young (2048K), 2 survivors (2048K)
 Metaspace       used 117927K, committed 119296K, reserved 1179648K
  class space    used 15938K, committed 16512K, reserved 1048576K
}
Event: 2785.721 GC heap before
{Heap before GC invocations=47 (full 0):
 garbage-first heap   total 107520K, used 99016K [0x0000000093800000, 0x0000000100000000)
  region size 1024K, 45 young (46080K), 2 survivors (2048K)
 Metaspace       used 118151K, committed 119360K, reserved 1179648K
  class space    used 15938K, committed 16512K, reserved 1048576K
}
Event: 2785.785 GC heap after
{Heap after GC invocations=48 (full 0):
 garbage-first heap   total 107520K, used 56069K [0x0000000093800000, 0x0000000100000000)
  region size 1024K, 2 young (2048K), 2 survivors (2048K)
 Metaspace       used 118151K, committed 119360K, reserved 1179648K
  class space    used 15938K, committed 16512K, reserved 1048576K
}
Event: 2939.411 GC heap before
{Heap before GC invocations=48 (full 0):
 garbage-first heap   total 107520K, used 99077K [0x0000000093800000, 0x0000000100000000)
  region size 1024K, 45 young (46080K), 2 survivors (2048K)
 Metaspace       used 118232K, committed 119424K, reserved 1179648K
  class space    used 15938K, committed 16512K, reserved 1048576K
}
Event: 2939.487 GC heap after
{Heap after GC invocations=49 (full 0):
 garbage-first heap   total 107520K, used 56099K [0x0000000093800000, 0x0000000100000000)
  region size 1024K, 2 young (2048K), 2 survivors (2048K)
 Metaspace       used 118232K, committed 119424K, reserved 1179648K
  class space    used 15938K, committed 16512K, reserved 1048576K
}
Event: 3120.934 GC heap before
{Heap before GC invocations=50 (full 0):
 garbage-first heap   total 107520K, used 99107K [0x0000000093800000, 0x0000000100000000)
  region size 1024K, 45 young (46080K), 2 survivors (2048K)
 Metaspace       used 118258K, committed 119424K, reserved 1179648K
  class space    used 15939K, committed 16512K, reserved 1048576K
}
Event: 3120.995 GC heap after
{Heap after GC invocations=51 (full 0):
 garbage-first heap   total 107520K, used 56592K [0x0000000093800000, 0x0000000100000000)
  region size 1024K, 2 young (2048K), 2 survivors (2048K)
 Metaspace       used 118258K, committed 119424K, reserved 1179648K
  class space    used 15939K, committed 16512K, reserved 1048576K
}

